<?xml version="1.0" encoding="UTF-8"?>
<robot generator="Robot 7.1.1 (Python 3.12.7 on linux)" generated="2024-11-15T11:46:44.548244" rpa="false" schemaversion="5">
<suite id="s1" name="Src" source="/home/x/edu/Ohjelmistotuotanto_Software_Engineering/webcounter/src">
<suite id="s1-s1" name="Tests" source="/home/x/edu/Ohjelmistotuotanto_Software_Engineering/webcounter/src/tests">
<suite id="s1-s1-s1" name="Increment" source="/home/x/edu/Ohjelmistotuotanto_Software_Engineering/webcounter/src/tests/increment.robot">
<kw name="Open And Configure Browser" owner="resource" type="SETUP">
<kw name="Set Selenium Speed" owner="SeleniumLibrary">
<arg>${DELAY}</arg>
<doc>Sets the delay that is waited after each Selenium command.</doc>
<status status="PASS" start="2024-11-15T11:46:44.638374" elapsed="0.000199"/>
</kw>
<kw name="Open Browser" owner="SeleniumLibrary">
<msg time="2024-11-15T11:46:44.638832" level="INFO">Opening browser 'chrome' to base url 'None'.</msg>
<arg>browser=${BROWSER}</arg>
<doc>Opens a new browser instance to the optional ``url``.</doc>
<status status="PASS" start="2024-11-15T11:46:44.638690" elapsed="0.485073"/>
</kw>
<status status="PASS" start="2024-11-15T11:46:44.637947" elapsed="0.485937"/>
</kw>
<test id="s1-s1-s1-t1" name="At start the counter is zero" line="7">
<kw name="Go To" owner="SeleniumLibrary">
<msg time="2024-11-15T11:46:45.124440" level="INFO">Opening url 'http://localhost:5001'</msg>
<arg>${HOME_URL}</arg>
<doc>Navigates the current browser window to the provided ``url``.</doc>
<status status="PASS" start="2024-11-15T11:46:45.124302" elapsed="0.573266"/>
</kw>
<kw name="Title Should Be" owner="SeleniumLibrary">
<msg time="2024-11-15T11:46:46.209413" level="INFO">Page title is 'Laskuri'.</msg>
<arg>Laskuri</arg>
<doc>Verifies that the current page title equals ``title``.</doc>
<status status="PASS" start="2024-11-15T11:46:45.698076" elapsed="0.511574"/>
</kw>
<kw name="Page Should Contain" owner="SeleniumLibrary">
<msg time="2024-11-15T11:46:47.242141" level="INFO">Current page contains text 'nappia painettu 0 kertaa'.</msg>
<arg>nappia painettu 0 kertaa</arg>
<doc>Verifies that current page contains ``text``.</doc>
<status status="PASS" start="2024-11-15T11:46:46.210131" elapsed="1.032245"/>
</kw>
<status status="PASS" start="2024-11-15T11:46:45.123960" elapsed="2.118867"/>
</test>
<test id="s1-s1-s1-t2" name="When button pressed twice the counter is two" line="12">
<kw name="Go To" owner="SeleniumLibrary">
<msg time="2024-11-15T11:46:47.244422" level="INFO">Opening url 'http://localhost:5001'</msg>
<arg>${HOME_URL}</arg>
<doc>Navigates the current browser window to the provided ``url``.</doc>
<status status="PASS" start="2024-11-15T11:46:47.244092" elapsed="0.525455"/>
</kw>
<kw name="Click Button" owner="SeleniumLibrary">
<msg time="2024-11-15T11:46:47.771117" level="INFO">Clicking button 'Paina'.</msg>
<arg>Paina</arg>
<doc>Clicks the button identified by ``locator``.</doc>
<status status="PASS" start="2024-11-15T11:46:47.770115" elapsed="1.599605"/>
</kw>
<kw name="Click Button" owner="SeleniumLibrary">
<msg time="2024-11-15T11:46:49.370647" level="INFO">Clicking button 'Paina'.</msg>
<arg>Paina</arg>
<doc>Clicks the button identified by ``locator``.</doc>
<status status="PASS" start="2024-11-15T11:46:49.370242" elapsed="1.578923"/>
</kw>
<kw name="Page Should Contain" owner="SeleniumLibrary">
<msg time="2024-11-15T11:46:51.980272" level="INFO">Current page contains text 'nappia painettu 2 kertaa'.</msg>
<arg>nappia painettu 2 kertaa</arg>
<doc>Verifies that current page contains ``text``.</doc>
<status status="PASS" start="2024-11-15T11:46:50.949634" elapsed="1.030861"/>
</kw>
<status status="PASS" start="2024-11-15T11:46:47.243361" elapsed="4.737566"/>
</test>
<kw name="Close Browser" owner="SeleniumLibrary" type="TEARDOWN">
<doc>Closes the current browser.</doc>
<status status="PASS" start="2024-11-15T11:46:51.981975" elapsed="0.574016"/>
</kw>
<status status="PASS" start="2024-11-15T11:46:44.564908" elapsed="7.991179"/>
</suite>
<suite id="s1-s1-s2" name="Reset" source="/home/x/edu/Ohjelmistotuotanto_Software_Engineering/webcounter/src/tests/reset.robot">
<kw name="Open And Configure Browser" owner="resource" type="SETUP">
<kw name="Set Selenium Speed" owner="SeleniumLibrary">
<arg>${DELAY}</arg>
<doc>Sets the delay that is waited after each Selenium command.</doc>
<status status="PASS" start="2024-11-15T11:46:52.559043" elapsed="0.000235"/>
</kw>
<kw name="Open Browser" owner="SeleniumLibrary">
<msg time="2024-11-15T11:46:52.559541" level="INFO">Opening browser 'chrome' to base url 'None'.</msg>
<arg>browser=${BROWSER}</arg>
<doc>Opens a new browser instance to the optional ``url``.</doc>
<status status="PASS" start="2024-11-15T11:46:52.559399" elapsed="0.461791"/>
</kw>
<status status="PASS" start="2024-11-15T11:46:52.558838" elapsed="0.462455"/>
</kw>
<test id="s1-s1-s2-t1" name="When counter has a nonzero value and it is reset the value becomes zero" line="7">
<kw name="Go To" owner="SeleniumLibrary">
<msg time="2024-11-15T11:46:53.021797" level="INFO">Opening url 'http://localhost:5001'</msg>
<arg>${HOME_URL}</arg>
<doc>Navigates the current browser window to the provided ``url``.</doc>
<status status="PASS" start="2024-11-15T11:46:53.021673" elapsed="0.565145"/>
</kw>
<kw name="Click Button" owner="SeleniumLibrary">
<msg time="2024-11-15T11:46:53.587869" level="INFO">Clicking button 'Nollaa'.</msg>
<arg>Nollaa</arg>
<doc>Clicks the button identified by ``locator``.</doc>
<status status="PASS" start="2024-11-15T11:46:53.587380" elapsed="1.602111"/>
</kw>
<kw name="Page Should Contain" owner="SeleniumLibrary">
<msg time="2024-11-15T11:46:56.218790" level="INFO">Current page contains text 'nappia painettu 0 kertaa'.</msg>
<arg>nappia painettu 0 kertaa</arg>
<doc>Verifies that current page contains ``text``.</doc>
<status status="PASS" start="2024-11-15T11:46:55.190075" elapsed="1.028959"/>
</kw>
<kw name="Click Button" owner="SeleniumLibrary">
<msg time="2024-11-15T11:46:56.219885" level="INFO">Clicking button 'Paina'.</msg>
<arg>Paina</arg>
<doc>Clicks the button identified by ``locator``.</doc>
<status status="PASS" start="2024-11-15T11:46:56.219475" elapsed="1.587891"/>
</kw>
<kw name="Page Should Contain" owner="SeleniumLibrary">
<msg time="2024-11-15T11:46:58.828264" level="INFO">Current page contains text 'nappia painettu 1 kertaa'.</msg>
<arg>nappia painettu 1 kertaa</arg>
<doc>Verifies that current page contains ``text``.</doc>
<status status="PASS" start="2024-11-15T11:46:57.807866" elapsed="1.020661"/>
</kw>
<kw name="Click Button" owner="SeleniumLibrary">
<msg time="2024-11-15T11:46:58.829392" level="INFO">Clicking button 'Nollaa'.</msg>
<arg>Nollaa</arg>
<doc>Clicks the button identified by ``locator``.</doc>
<status status="PASS" start="2024-11-15T11:46:58.829004" elapsed="1.576329"/>
</kw>
<kw name="Page Should Contain" owner="SeleniumLibrary">
<msg time="2024-11-15T11:47:01.428225" level="INFO">Current page contains text 'nappia painettu 0 kertaa'.</msg>
<arg>nappia painettu 0 kertaa</arg>
<doc>Verifies that current page contains ``text``.</doc>
<status status="PASS" start="2024-11-15T11:47:00.405906" elapsed="1.022571"/>
</kw>
<status status="PASS" start="2024-11-15T11:46:53.021360" elapsed="8.407561"/>
</test>
<kw name="Close Browser" owner="SeleniumLibrary" type="TEARDOWN">
<doc>Closes the current browser.</doc>
<status status="PASS" start="2024-11-15T11:47:01.429858" elapsed="0.557738"/>
</kw>
<status status="PASS" start="2024-11-15T11:46:52.556680" elapsed="9.431086"/>
</suite>
<status status="PASS" start="2024-11-15T11:46:44.564258" elapsed="17.424794"/>
</suite>
<status status="PASS" start="2024-11-15T11:46:44.548849" elapsed="17.440953"/>
</suite>
<statistics>
<total>
<stat pass="3" fail="0" skip="0">All Tests</stat>
</total>
<tag>
</tag>
<suite>
<stat pass="3" fail="0" skip="0" id="s1" name="Src">Src</stat>
<stat pass="3" fail="0" skip="0" id="s1-s1" name="Tests">Src.Tests</stat>
<stat pass="2" fail="0" skip="0" id="s1-s1-s1" name="Increment">Src.Tests.Increment</stat>
<stat pass="1" fail="0" skip="0" id="s1-s1-s2" name="Reset">Src.Tests.Reset</stat>
</suite>
</statistics>
<errors>
</errors>
</robot>
